[14608:3752:0815/173357.780:INFO:components\enterprise\browser\controller\chrome_browser_cloud_management_controller.cc:202] No machine level policy manager exists.
[8380:21152:0815/173401.105:INFO:third_party\blink\renderer\modules\peerconnection\peer_connection_dependency_factory.cc:802] Running WebRTC with a combined Network and Worker thread.
[14608:3752:0815/173401.204:INFO:CONSOLE:2] "Error", source: https://client.protechts.net/PXdOjV695v/main.min.js (2)
[20856:7356:0815/173406.421:WARNING:net\dns\host_resolver_dns_task.cc:938] Address list empty after RFC3484 sort
[20856:7356:0815/173406.423:ERROR:services\network\p2p\socket_manager.cc:137] Failed to resolve address for stun.l.google.com., errorcode: -105
[8380:18816:0815/173406.423:WARNING:third_party\webrtc\p2p\base\stun_port.cc:456] Port[522fe00:0:1:0:host:Net[any:0:0:0:x:x:x:x:x/0:Wildcard:id=0]]: StunPort: stun host lookup received error -1
[14608:3752:0815/173406.783:WARNING:chrome\browser\media\prefs\capture_device_ranking.h:255] Can't initialize the value of media.audio_input.user_preference_ranking because media.default_audio_capture_device isn't registered or is empty
[14608:3752:0815/173406.783:WARNING:chrome\browser\media\prefs\capture_device_ranking.h:255] Can't initialize the value of media.video_input.user_preference_ranking because media.default_video_capture_Device isn't registered or is empty
[14608:3752:0815/173407.526:INFO:CONSOLE:8] "visitor.publishDestinations() result: The destination publishing iframe is already attached and loaded.", source: https://platform.linkedin.com/litms/utag/voyager-web-feed/utag.js?cb=1755259200000 (8)
[8380:21152:0815/173410.347:INFO:third_party\blink\renderer\modules\peerconnection\peer_connection_dependency_factory.cc:802] Running WebRTC with a combined Network and Worker thread.
[14608:3752:0815/173410.360:WARNING:chrome\browser\media\prefs\capture_device_ranking.h:255] Can't initialize the value of media.audio_input.user_preference_ranking because media.default_audio_capture_device isn't registered or is empty
[14608:3752:0815/173410.361:WARNING:chrome\browser\media\prefs\capture_device_ranking.h:255] Can't initialize the value of media.video_input.user_preference_ranking because media.default_video_capture_Device isn't registered or is empty
[14608:3752:0815/173410.407:INFO:CONSOLE:2] "Error", source: https://client.protechts.net/PXdOjV695v/main.min.js (2)
[20856:7356:0815/173410.409:WARNING:net\dns\host_resolver_dns_task.cc:938] Address list empty after RFC3484 sort
[20856:7356:0815/173410.409:ERROR:services\network\p2p\socket_manager.cc:137] Failed to resolve address for stun.l.google.com., errorcode: -105
[8380:18816:0815/173410.411:WARNING:third_party\webrtc\p2p\base\stun_port.cc:456] Port[3024000:0:1:0:host:Net[any:0:0:0:x:x:x:x:x/0:Wildcard:id=0]]: StunPort: stun host lookup received error -1
[14608:3752:0815/173411.074:INFO:CONSOLE:0] "ResizeObserver loop completed with undelivered notifications.", source: https://www.linkedin.com/jobs/search/?currentJobId=4286422872&distance=100&f_AL=true&f_E=%2C2%2C3%2C4&f_JT=%2CF&f_TPR=r86400&keywords=DATA%20ENGINEER&location=India (0)
[14608:3752:0815/173411.453:INFO:CONSOLE:8] "visitor.publishDestinations() result: Attempted to attach and load the destination publishing iframe through this API call. Result: The destination publishing iframe was attached and loaded successfully.", source: https://platform.linkedin.com/litms/utag/voyager-web-jobs/utag.js?cb=1755259200000 (8)
[8380:18816:0815/173417.998:WARNING:third_party\webrtc\media\engine\webrtc_voice_engine.cc:805] Attempting to stop aecdump when no audio processing module is present
[14608:3752:0815/173442.736:INFO:CONSOLE:0] "ResizeObserver loop completed with undelivered notifications.", source: https://www.linkedin.com/jobs/search/?currentJobId=4286422872&distance=100&f_AL=true&f_E=%2C2%2C3%2C4&f_JT=%2CF&f_TPR=r86400&keywords=DATA%20ENGINEER&location=India (0)
[14608:3752:0815/173442.747:INFO:CONSOLE:0] "ResizeObserver loop completed with undelivered notifications.", source: https://www.linkedin.com/jobs/search/?currentJobId=4286422872&distance=100&f_AL=true&f_E=%2C2%2C3%2C4&f_JT=%2CF&f_TPR=r86400&keywords=DATA%20ENGINEER&location=India (0)
[14608:3752:0815/173442.765:INFO:CONSOLE:0] "ResizeObserver loop completed with undelivered notifications.", source: https://www.linkedin.com/jobs/search/?currentJobId=4286422872&distance=100&f_AL=true&f_E=%2C2%2C3%2C4&f_JT=%2CF&f_TPR=r86400&keywords=DATA%20ENGINEER&location=India (0)
[14608:3752:0815/173442.778:INFO:CONSOLE:0] "ResizeObserver loop completed with undelivered notifications.", source: https://www.linkedin.com/jobs/search/?currentJobId=4286422872&distance=100&f_AL=true&f_E=%2C2%2C3%2C4&f_JT=%2CF&f_TPR=r86400&keywords=DATA%20ENGINEER&location=India (0)
[14608:18444:0815/173510.598:ERROR:google_apis\gcm\engine\registration_request.cc:291] Registration response error message: DEPRECATED_ENDPOINT
[14608:18444:0815/173534.767:ERROR:google_apis\gcm\engine\registration_request.cc:291] Registration response error message: DEPRECATED_ENDPOINT
[14608:3752:0815/173554.430:INFO:CONSOLE:8] "visitor.publishDestinations() result: The destination publishing iframe is already attached and loaded.", source: https://platform.linkedin.com/litms/utag/voyager-web-jobs/utag.js?cb=1755259200000 (8)
[14608:18444:0815/173623.611:ERROR:google_apis\gcm\engine\registration_request.cc:291] Registration response error message: DEPRECATED_ENDPOINT
[14608:3752:0815/173631.091:INFO:CONSOLE:8] "visitor.publishDestinations() result: The destination publishing iframe is already attached and loaded.", source: https://platform.linkedin.com/litms/utag/voyager-web-jobs/utag.js?cb=1755259200000 (8)
[14608:3752:0815/173646.560:INFO:CONSOLE:8] "visitor.publishDestinations() result: The destination publishing iframe is already attached and loaded.", source: https://platform.linkedin.com/litms/utag/voyager-web-jobs/utag.js?cb=1755259200000 (8)
[14608:3752:0815/173652.593:INFO:CONSOLE:8] "visitor.publishDestinations() result: The destination publishing iframe is already attached and loaded.", source: https://platform.linkedin.com/litms/utag/voyager-web-jobs/utag.js?cb=1755259200000 (8)
[14608:3752:0815/173738.777:INFO:CONSOLE:8] "visitor.publishDestinations() result: The destination publishing iframe is already attached and loaded.", source: https://platform.linkedin.com/litms/utag/voyager-web-jobs/utag.js?cb=1755259200000 (8)
[14608:18444:0815/173750.334:ERROR:google_apis\gcm\engine\registration_request.cc:291] Registration response error message: DEPRECATED_ENDPOINT
[14608:3752:0815/173807.349:INFO:CONSOLE:8] "visitor.publishDestinations() result: The destination publishing iframe is already attached and loaded.", source: https://platform.linkedin.com/litms/utag/voyager-web-jobs/utag.js?cb=1755259200000 (8)
[14608:3752:0815/173815.025:INFO:CONSOLE:8] "visitor.publishDestinations() result: The destination publishing iframe is already attached and loaded.", source: https://platform.linkedin.com/litms/utag/voyager-web-jobs/utag.js?cb=1755259200000 (8)
[14608:3752:0815/173900.596:INFO:CONSOLE:8] "visitor.publishDestinations() result: The destination publishing iframe is already attached and loaded.", source: https://platform.linkedin.com/litms/utag/voyager-web-jobs/utag.js?cb=1755259200000 (8)
[14608:3752:0815/173953.631:INFO:CONSOLE:8] "visitor.publishDestinations() result: The destination publishing iframe is already attached and loaded.", source: https://platform.linkedin.com/litms/utag/voyager-web-jobs/utag.js?cb=1755259200000 (8)
[14608:3752:0815/174000.602:INFO:CONSOLE:8] "visitor.publishDestinations() result: The destination publishing iframe is already attached and loaded.", source: https://platform.linkedin.com/litms/utag/voyager-web-jobs/utag.js?cb=1755259200000 (8)
[14608:3752:0815/174043.913:INFO:CONSOLE:8] "visitor.publishDestinations() result: The destination publishing iframe is already attached and loaded.", source: https://platform.linkedin.com/litms/utag/voyager-web-jobs/utag.js?cb=1755259200000 (8)
[14608:18444:0815/174059.681:ERROR:google_apis\gcm\engine\registration_request.cc:291] Registration response error message: DEPRECATED_ENDPOINT
[14608:3752:0815/174126.207:INFO:CONSOLE:8] "visitor.publishDestinations() result: The destination publishing iframe is already attached and loaded.", source: https://platform.linkedin.com/litms/utag/voyager-web-jobs/utag.js?cb=1755259200000 (8)
[14608:3752:0815/174133.381:INFO:CONSOLE:8] "visitor.publishDestinations() result: The destination publishing iframe is already attached and loaded.", source: https://platform.linkedin.com/litms/utag/voyager-web-jobs/utag.js?cb=1755259200000 (8)
[14608:3752:0815/174217.509:INFO:CONSOLE:8] "visitor.publishDestinations() result: The destination publishing iframe is already attached and loaded.", source: https://platform.linkedin.com/litms/utag/voyager-web-jobs/utag.js?cb=1755259200000 (8)
[14608:3752:0815/174302.263:INFO:CONSOLE:8] "visitor.publishDestinations() result: The destination publishing iframe is already attached and loaded.", source: https://platform.linkedin.com/litms/utag/voyager-web-jobs/utag.js?cb=1755259200000 (8)
[14608:3752:0815/174308.336:INFO:CONSOLE:8] "visitor.publishDestinations() result: The destination publishing iframe is already attached and loaded.", source: https://platform.linkedin.com/litms/utag/voyager-web-jobs/utag.js?cb=1755259200000 (8)
[14608:3752:0815/174352.845:INFO:CONSOLE:8] "visitor.publishDestinations() result: The destination publishing iframe is already attached and loaded.", source: https://platform.linkedin.com/litms/utag/voyager-web-jobs/utag.js?cb=1755259200000 (8)
[14608:3752:0815/174444.971:INFO:CONSOLE:8] "visitor.publishDestinations() result: The destination publishing iframe is already attached and loaded.", source: https://platform.linkedin.com/litms/utag/voyager-web-jobs/utag.js?cb=1755259200000 (8)
[14608:3752:0815/174447.022:INFO:CONSOLE:8] "visitor.publishDestinations() result: The destination publishing iframe is already attached and loaded.", source: https://platform.linkedin.com/litms/utag/voyager-web-jobs/utag.js?cb=1755259200000 (8)
[14608:3752:0815/174539.844:INFO:CONSOLE:0] "ResizeObserver loop completed with undelivered notifications.", source: https://www.linkedin.com/jobs/search/?currentJobId=4285480748&distance=100&f_AL=true&f_E=%2C2%2C3%2C4&f_JT=%2CF&f_TPR=r86400&keywords=DATA%20ENGINEER&location=India (0)
[14608:3752:0815/174539.943:INFO:CONSOLE:0] "ResizeObserver loop completed with undelivered notifications.", source: https://www.linkedin.com/jobs/search/?currentJobId=4285480748&distance=100&f_AL=true&f_E=%2C2%2C3%2C4&f_JT=%2CF&f_TPR=r86400&keywords=DATA%20ENGINEER&location=India (0)
[14608:3752:0815/174539.945:INFO:CONSOLE:0] "ResizeObserver loop completed with undelivered notifications.", source: https://www.linkedin.com/jobs/search/?currentJobId=4285480748&distance=100&f_AL=true&f_E=%2C2%2C3%2C4&f_JT=%2CF&f_TPR=r86400&keywords=DATA%20ENGINEER&location=India (0)
[14608:3752:0815/174539.987:INFO:CONSOLE:8] "visitor.publishDestinations() result: The destination publishing iframe is already attached and loaded.", source: https://platform.linkedin.com/litms/utag/voyager-web-jobs/utag.js?cb=1755259200000 (8)
[14608:3752:0815/174548.135:INFO:CONSOLE:8] "visitor.publishDestinations() result: The destination publishing iframe is already attached and loaded.", source: https://platform.linkedin.com/litms/utag/voyager-web-jobs/utag.js?cb=1755259200000 (8)
[14608:3752:0815/174635.470:INFO:CONSOLE:8] "visitor.publishDestinations() result: The destination publishing iframe is already attached and loaded.", source: https://platform.linkedin.com/litms/utag/voyager-web-jobs/utag.js?cb=1755259200000 (8)
[14608:18444:0815/174649.584:ERROR:google_apis\gcm\engine\registration_request.cc:291] Registration response error message: DEPRECATED_ENDPOINT
[14608:3752:0815/174705.457:INFO:CONSOLE:8] "visitor.publishDestinations() result: The destination publishing iframe is already attached and loaded.", source: https://platform.linkedin.com/litms/utag/voyager-web-jobs/utag.js?cb=1755259200000 (8)
[14608:3752:0815/174712.573:INFO:CONSOLE:8] "visitor.publishDestinations() result: The destination publishing iframe is already attached and loaded.", source: https://platform.linkedin.com/litms/utag/voyager-web-jobs/utag.js?cb=1755259200000 (8)
[14608:3752:0815/174801.395:INFO:CONSOLE:8] "visitor.publishDestinations() result: The destination publishing iframe is already attached and loaded.", source: https://platform.linkedin.com/litms/utag/voyager-web-jobs/utag.js?cb=1755259200000 (8)
[14608:3752:0815/174810.592:INFO:CONSOLE:8] "visitor.publishDestinations() result: The destination publishing iframe is already attached and loaded.", source: https://platform.linkedin.com/litms/utag/voyager-web-jobs/utag.js?cb=1755259200000 (8)
[14608:3752:0815/174856.768:INFO:CONSOLE:8] "visitor.publishDestinations() result: The destination publishing iframe is already attached and loaded.", source: https://platform.linkedin.com/litms/utag/voyager-web-jobs/utag.js?cb=1755259200000 (8)
[14608:3752:0815/175044.392:INFO:CONSOLE:8] "visitor.publishDestinations() result: The destination publishing iframe is already attached and loaded.", source: https://platform.linkedin.com/litms/utag/voyager-web-jobs/utag.js?cb=1755259200000 (8)
[14608:3752:0815/175049.841:INFO:CONSOLE:8] "visitor.publishDestinations() result: The destination publishing iframe is already attached and loaded.", source: https://platform.linkedin.com/litms/utag/voyager-web-jobs/utag.js?cb=1755259200000 (8)
[14608:3752:0815/175057.500:INFO:CONSOLE:8] "visitor.publishDestinations() result: The destination publishing iframe is already attached and loaded.", source: https://platform.linkedin.com/litms/utag/voyager-web-jobs/utag.js?cb=1755259200000 (8)
[14608:3752:0815/175143.579:INFO:CONSOLE:8] "visitor.publishDestinations() result: The destination publishing iframe is already attached and loaded.", source: https://platform.linkedin.com/litms/utag/voyager-web-jobs/utag.js?cb=1755259200000 (8)
[14608:3752:0815/175230.067:INFO:CONSOLE:8] "visitor.publishDestinations() result: The destination publishing iframe is already attached and loaded.", source: https://platform.linkedin.com/litms/utag/voyager-web-jobs/utag.js?cb=1755259200000 (8)
[14608:3752:0815/175236.955:INFO:CONSOLE:8] "visitor.publishDestinations() result: The destination publishing iframe is already attached and loaded.", source: https://platform.linkedin.com/litms/utag/voyager-web-jobs/utag.js?cb=1755259200000 (8)
[14608:3752:0815/175324.650:INFO:CONSOLE:8] "visitor.publishDestinations() result: The destination publishing iframe is already attached and loaded.", source: https://platform.linkedin.com/litms/utag/voyager-web-jobs/utag.js?cb=1755259200000 (8)
[14608:3752:0815/175414.311:INFO:CONSOLE:8] "visitor.publishDestinations() result: The destination publishing iframe is already attached and loaded.", source: https://platform.linkedin.com/litms/utag/voyager-web-jobs/utag.js?cb=1755259200000 (8)
[14608:3752:0815/175421.186:INFO:CONSOLE:8] "visitor.publishDestinations() result: The destination publishing iframe is already attached and loaded.", source: https://platform.linkedin.com/litms/utag/voyager-web-jobs/utag.js?cb=1755259200000 (8)
[14608:3752:0815/175519.027:INFO:CONSOLE:8] "visitor.publishDestinations() result: The destination publishing iframe is already attached and loaded.", source: https://platform.linkedin.com/litms/utag/voyager-web-jobs/utag.js?cb=1755259200000 (8)
[14608:3752:0815/175525.070:INFO:CONSOLE:8] "visitor.publishDestinations() result: The destination publishing iframe is already attached and loaded.", source: https://platform.linkedin.com/litms/utag/voyager-web-jobs/utag.js?cb=1755259200000 (8)
[14608:3752:0815/175612.684:INFO:CONSOLE:8] "visitor.publishDestinations() result: The destination publishing iframe is already attached and loaded.", source: https://platform.linkedin.com/litms/utag/voyager-web-jobs/utag.js?cb=1755259200000 (8)
[14608:3752:0815/175655.385:INFO:CONSOLE:8] "visitor.publishDestinations() result: The destination publishing iframe is already attached and loaded.", source: https://platform.linkedin.com/litms/utag/voyager-web-jobs/utag.js?cb=1755259200000 (8)
[14608:3752:0815/175702.859:INFO:CONSOLE:8] "visitor.publishDestinations() result: The destination publishing iframe is already attached and loaded.", source: https://platform.linkedin.com/litms/utag/voyager-web-jobs/utag.js?cb=1755259200000 (8)
[14608:3752:0815/175742.817:INFO:CONSOLE:8] "visitor.publishDestinations() result: The destination publishing iframe is already attached and loaded.", source: https://platform.linkedin.com/litms/utag/voyager-web-jobs/utag.js?cb=1755259200000 (8)
[14608:3752:0815/175839.204:INFO:CONSOLE:8] "visitor.publishDestinations() result: The destination publishing iframe is already attached and loaded.", source: https://platform.linkedin.com/litms/utag/voyager-web-jobs/utag.js?cb=1755259200000 (8)
[14608:3752:0815/175845.157:INFO:CONSOLE:8] "visitor.publishDestinations() result: The destination publishing iframe is already attached and loaded.", source: https://platform.linkedin.com/litms/utag/voyager-web-jobs/utag.js?cb=1755259200000 (8)
[14608:3752:0815/175943.541:INFO:CONSOLE:8] "visitor.publishDestinations() result: The destination publishing iframe is already attached and loaded.", source: https://platform.linkedin.com/litms/utag/voyager-web-jobs/utag.js?cb=1755259200000 (8)
[14608:3752:0815/175951.106:INFO:CONSOLE:8] "visitor.publishDestinations() result: The destination publishing iframe is already attached and loaded.", source: https://platform.linkedin.com/litms/utag/voyager-web-jobs/utag.js?cb=1755259200000 (8)
[14608:3752:0815/180036.058:INFO:CONSOLE:8] "visitor.publishDestinations() result: The destination publishing iframe is already attached and loaded.", source: https://platform.linkedin.com/litms/utag/voyager-web-jobs/utag.js?cb=1755259200000 (8)
[14608:3752:0815/180204.326:INFO:CONSOLE:8] "visitor.publishDestinations() result: The destination publishing iframe is already attached and loaded.", source: https://platform.linkedin.com/litms/utag/voyager-web-jobs/utag.js?cb=1755259200000 (8)
[14608:3752:0815/180209.762:INFO:CONSOLE:8] "visitor.publishDestinations() result: The destination publishing iframe is already attached and loaded.", source: https://platform.linkedin.com/litms/utag/voyager-web-jobs/utag.js?cb=1755259200000 (8)
[14608:3752:0815/180257.782:INFO:CONSOLE:8] "visitor.publishDestinations() result: The destination publishing iframe is already attached and loaded.", source: https://platform.linkedin.com/litms/utag/voyager-web-jobs/utag.js?cb=1755259200000 (8)
[14608:3752:0815/180354.921:INFO:CONSOLE:8] "visitor.publishDestinations() result: The destination publishing iframe is already attached and loaded.", source: https://platform.linkedin.com/litms/utag/voyager-web-jobs/utag.js?cb=1755259200000 (8)
[14608:3752:0815/180402.603:INFO:CONSOLE:8] "visitor.publishDestinations() result: The destination publishing iframe is already attached and loaded.", source: https://platform.linkedin.com/litms/utag/voyager-web-jobs/utag.js?cb=1755259200000 (8)
[14608:3752:0815/180446.528:INFO:CONSOLE:8] "visitor.publishDestinations() result: The destination publishing iframe is already attached and loaded.", source: https://platform.linkedin.com/litms/utag/voyager-web-jobs/utag.js?cb=1755259200000 (8)
[14608:3752:0815/180541.100:INFO:CONSOLE:8] "visitor.publishDestinations() result: The destination publishing iframe is already attached and loaded.", source: https://platform.linkedin.com/litms/utag/voyager-web-jobs/utag.js?cb=1755259200000 (8)
[14608:3752:0815/180549.540:INFO:CONSOLE:8] "visitor.publishDestinations() result: The destination publishing iframe is already attached and loaded.", source: https://platform.linkedin.com/litms/utag/voyager-web-jobs/utag.js?cb=1755259200000 (8)
[14608:3752:0815/180649.322:INFO:CONSOLE:8] "visitor.publishDestinations() result: The destination publishing iframe is already attached and loaded.", source: https://platform.linkedin.com/litms/utag/voyager-web-jobs/utag.js?cb=1755259200000 (8)
[14608:3752:0815/180738.381:INFO:CONSOLE:8] "visitor.publishDestinations() result: The destination publishing iframe is already attached and loaded.", source: https://platform.linkedin.com/litms/utag/voyager-web-jobs/utag.js?cb=1755259200000 (8)
[14608:3752:0815/180815.322:INFO:CONSOLE:8] "visitor.publishDestinations() result: The destination publishing iframe is already attached and loaded.", source: https://platform.linkedin.com/litms/utag/voyager-web-jobs/utag.js?cb=1755259200000 (8)
[14608:3752:0815/180818.405:INFO:CONSOLE:0] "Uncaught (in promise) Error: Ember Data Request GET /voyager/api/voyagerHiringDashJobHiringSocialHirersCards?decorationId=com.linkedin.voyager.dash.deco.hiring.FullJobHiringSocialHirersCard-9 returned a 503
Payload (application/vnd.linkedin.normalized+json+2.1)
[object Object]", source: https://www.linkedin.com/jobs/search/?currentJobId=4285728430&distance=100&f_AL=true&f_E=%2C2%2C3%2C4&f_JT=%2CF&f_TPR=r86400&keywords=DATA%20ENGINEER&location=India (0)
